2022-02-08 19:17:10.611  INFO [,,] 25488 --- [restartedMain] c.s.scheduler.SchedulerApplication       : Starting SchedulerApplication using Java 17.0.1 on CPX-G3W8KQLIIBQ with PID 25488 (C:\Users\goncalo.meireles\Gonçalo Meireles\CGD\scheduler-test\scheduler\target\classes started by goncalo.meireles in C:\Users\goncalo.meireles\Gonçalo Meireles\CGD\scheduler-test\scheduler)
2022-02-08 19:17:10.612  INFO [,,] 25488 --- [restartedMain] c.s.scheduler.SchedulerApplication       : No active profile set, falling back to default profiles: default
2022-02-08 19:17:10.645  INFO [,,] 25488 --- [restartedMain] .e.DevToolsPropertyDefaultsPostProcessor : Devtools property defaults active! Set 'spring.devtools.add-properties' to 'false' to disable
2022-02-08 19:17:10.645  INFO [,,] 25488 --- [restartedMain] .e.DevToolsPropertyDefaultsPostProcessor : For additional web related logging consider setting the 'logging.level.web' property to 'DEBUG'
2022-02-08 19:17:11.189  INFO [,,] 25488 --- [restartedMain] .s.d.r.c.RepositoryConfigurationDelegate : Bootstrapping Spring Data JPA repositories in DEFAULT mode.
2022-02-08 19:17:21.144  INFO [,,] 27436 --- [restartedMain] c.s.scheduler.SchedulerApplication       : Starting SchedulerApplication using Java 17.0.1 on CPX-G3W8KQLIIBQ with PID 27436 (C:\Users\goncalo.meireles\Gonçalo Meireles\CGD\scheduler-test\scheduler\target\classes started by goncalo.meireles in C:\Users\goncalo.meireles\Gonçalo Meireles\CGD\scheduler-test\scheduler)
2022-02-08 19:17:21.145  INFO [,,] 27436 --- [restartedMain] c.s.scheduler.SchedulerApplication       : No active profile set, falling back to default profiles: default
2022-02-08 19:17:21.188  INFO [,,] 27436 --- [restartedMain] .e.DevToolsPropertyDefaultsPostProcessor : Devtools property defaults active! Set 'spring.devtools.add-properties' to 'false' to disable
2022-02-08 19:17:21.188  INFO [,,] 27436 --- [restartedMain] .e.DevToolsPropertyDefaultsPostProcessor : For additional web related logging consider setting the 'logging.level.web' property to 'DEBUG'
2022-02-08 19:17:21.801  INFO [,,] 27436 --- [restartedMain] .s.d.r.c.RepositoryConfigurationDelegate : Bootstrapping Spring Data JPA repositories in DEFAULT mode.
2022-02-08 19:17:21.922  INFO [,,] 27436 --- [restartedMain] .s.d.r.c.RepositoryConfigurationDelegate : Finished Spring Data repository scanning in 115 ms. Found 1 JPA repository interfaces.
2022-02-08 19:17:22.151  INFO [,,] 27436 --- [restartedMain] o.s.cloud.context.scope.GenericScope     : BeanFactory id=191162b8-3cb3-35eb-b472-b847fbdda437
2022-02-08 19:17:23.308  INFO [,,] 27436 --- [restartedMain] o.s.b.w.embedded.tomcat.TomcatWebServer  : Tomcat initialized with port(s): 8080 (http)
2022-02-08 19:17:23.319  INFO [,,] 27436 --- [restartedMain] o.apache.catalina.core.StandardService   : Starting service [Tomcat]
2022-02-08 19:17:23.320  INFO [,,] 27436 --- [restartedMain] org.apache.catalina.core.StandardEngine  : Starting Servlet engine: [Apache Tomcat/9.0.56]
2022-02-08 19:17:23.454  INFO [,,] 27436 --- [restartedMain] o.a.c.c.C.[Tomcat].[localhost].[/]       : Initializing Spring embedded WebApplicationContext
2022-02-08 19:17:23.455  INFO [,,] 27436 --- [restartedMain] w.s.c.ServletWebServerApplicationContext : Root WebApplicationContext: initialization completed in 2267 ms
2022-02-08 19:17:23.718  INFO [,,] 27436 --- [restartedMain] o.hibernate.jpa.internal.util.LogHelper  : HHH000204: Processing PersistenceUnitInfo [name: default]
2022-02-08 19:17:23.793  INFO [,,] 27436 --- [restartedMain] org.hibernate.Version                    : HHH000412: Hibernate ORM core version 5.6.3.Final
2022-02-08 19:17:23.996  INFO [,,] 27436 --- [restartedMain] o.hibernate.annotations.common.Version   : HCANN000001: Hibernate Commons Annotations {5.1.2.Final}
2022-02-08 19:17:24.146  INFO [,,] 27436 --- [restartedMain] com.zaxxer.hikari.HikariDataSource       : HikariPool-1 - Starting...
2022-02-08 19:17:24.376  INFO [,,] 27436 --- [restartedMain] com.zaxxer.hikari.HikariDataSource       : HikariPool-1 - Start completed.
2022-02-08 19:17:24.394  INFO [,,] 27436 --- [restartedMain] org.hibernate.dialect.Dialect            : HHH000400: Using dialect: org.hibernate.dialect.PostgreSQL94Dialect
2022-02-08 19:17:25.010  INFO [,,] 27436 --- [restartedMain] o.h.e.t.j.p.i.JtaPlatformInitiator       : HHH000490: Using JtaPlatform implementation: [org.hibernate.engine.transaction.jta.platform.internal.NoJtaPlatform]
2022-02-08 19:17:25.018  INFO [,,] 27436 --- [restartedMain] j.LocalContainerEntityManagerFactoryBean : Initialized JPA EntityManagerFactory for persistence unit 'default'
2022-02-08 19:17:28.127  INFO [,77ca1fdb2f096d54,77ca1fdb2f096d54] 27436 --- [restartedMain] c.s.s.ScheduledExecutorRepeat            : film --> FilmApiSW(title=A New Hope, director=George Lucas, producer=Gary Kurtz, Rick McCallum, url=https://swapi.dev/api/films/1/, characters=[https://swapi.dev/api/people/1/, https://swapi.dev/api/people/2/, https://swapi.dev/api/people/3/, https://swapi.dev/api/people/4/, https://swapi.dev/api/people/5/, https://swapi.dev/api/people/6/, https://swapi.dev/api/people/7/, https://swapi.dev/api/people/8/, https://swapi.dev/api/people/9/, https://swapi.dev/api/people/10/, https://swapi.dev/api/people/12/, https://swapi.dev/api/people/13/, https://swapi.dev/api/people/14/, https://swapi.dev/api/people/15/, https://swapi.dev/api/people/16/, https://swapi.dev/api/people/18/, https://swapi.dev/api/people/19/, https://swapi.dev/api/people/81/], planets=[https://swapi.dev/api/planets/1/, https://swapi.dev/api/planets/2/, https://swapi.dev/api/planets/3/])
2022-02-08 19:17:30.298  INFO [,77ca1fdb2f096d54,8b0799d377ee96c4] 27436 --- [restartedMain] c.s.s.ScheduledExecutorRepeat            : film --> FilmApiSW(title=A New Hope, director=George Lucas, producer=Gary Kurtz, Rick McCallum, url=https://swapi.dev/api/films/1/, characters=[https://swapi.dev/api/people/1/, https://swapi.dev/api/people/2/, https://swapi.dev/api/people/3/, https://swapi.dev/api/people/4/, https://swapi.dev/api/people/5/, https://swapi.dev/api/people/6/, https://swapi.dev/api/people/7/, https://swapi.dev/api/people/8/, https://swapi.dev/api/people/9/, https://swapi.dev/api/people/10/, https://swapi.dev/api/people/12/, https://swapi.dev/api/people/13/, https://swapi.dev/api/people/14/, https://swapi.dev/api/people/15/, https://swapi.dev/api/people/16/, https://swapi.dev/api/people/18/, https://swapi.dev/api/people/19/, https://swapi.dev/api/people/81/], planets=[https://swapi.dev/api/planets/1/, https://swapi.dev/api/planets/2/, https://swapi.dev/api/planets/3/])
2022-02-08 19:17:30.361  INFO [,,] 27436 --- [pool-1-thread-1] c.s.s.ScheduledExecutorRepeat            : Running...task1 - count : 2
2022-02-08 19:17:30.361  INFO [,,] 27436 --- [pool-2-thread-1] c.s.s.ScheduledExecutorRepeat            : Running...task1 - count : 2 
2022-02-08 19:17:30.361  INFO [,,] 27436 --- [pool-2-thread-1] c.s.s.ScheduledExecutorRepeat            : Logging at INFO level
2022-02-08 19:17:30.361  INFO [,,] 27436 --- [pool-1-thread-1] c.s.s.ScheduledExecutorRepeat            : Logging at INFO level
2022-02-08 19:17:30.361  WARN [,,] 27436 --- [pool-2-thread-1] c.s.s.ScheduledExecutorRepeat            : Logging at WARN level
2022-02-08 19:17:30.361  WARN [,,] 27436 --- [pool-1-thread-1] c.s.s.ScheduledExecutorRepeat            : Logging at WARN level
2022-02-08 19:17:30.361 ERROR [,,] 27436 --- [pool-2-thread-1] c.s.s.ScheduledExecutorRepeat            : Logging at ERROR level
2022-02-08 19:17:30.361 ERROR [,,] 27436 --- [pool-1-thread-1] c.s.s.ScheduledExecutorRepeat            : Logging at ERROR level
2022-02-08 19:17:32.378  INFO [,77ca1fdb2f096d54,27506dd42375a5d9] 27436 --- [restartedMain] c.s.s.ScheduledExecutorRepeat            : film --> FilmApiSW(title=The Empire Strikes Back, director=Irvin Kershner, producer=Gary Kurtz, Rick McCallum, url=https://swapi.dev/api/films/2/, characters=[https://swapi.dev/api/people/1/, https://swapi.dev/api/people/2/, https://swapi.dev/api/people/3/, https://swapi.dev/api/people/4/, https://swapi.dev/api/people/5/, https://swapi.dev/api/people/10/, https://swapi.dev/api/people/13/, https://swapi.dev/api/people/14/, https://swapi.dev/api/people/18/, https://swapi.dev/api/people/20/, https://swapi.dev/api/people/21/, https://swapi.dev/api/people/22/, https://swapi.dev/api/people/23/, https://swapi.dev/api/people/24/, https://swapi.dev/api/people/25/, https://swapi.dev/api/people/26/], planets=[https://swapi.dev/api/planets/4/, https://swapi.dev/api/planets/5/, https://swapi.dev/api/planets/6/, https://swapi.dev/api/planets/27/])
2022-02-08 19:17:34.519  INFO [,77ca1fdb2f096d54,ef5764623d6f8adb] 27436 --- [restartedMain] c.s.s.ScheduledExecutorRepeat            : film --> FilmApiSW(title=The Empire Strikes Back, director=Irvin Kershner, producer=Gary Kurtz, Rick McCallum, url=https://swapi.dev/api/films/2/, characters=[https://swapi.dev/api/people/1/, https://swapi.dev/api/people/2/, https://swapi.dev/api/people/3/, https://swapi.dev/api/people/4/, https://swapi.dev/api/people/5/, https://swapi.dev/api/people/10/, https://swapi.dev/api/people/13/, https://swapi.dev/api/people/14/, https://swapi.dev/api/people/18/, https://swapi.dev/api/people/20/, https://swapi.dev/api/people/21/, https://swapi.dev/api/people/22/, https://swapi.dev/api/people/23/, https://swapi.dev/api/people/24/, https://swapi.dev/api/people/25/, https://swapi.dev/api/people/26/], planets=[https://swapi.dev/api/planets/4/, https://swapi.dev/api/planets/5/, https://swapi.dev/api/planets/6/, https://swapi.dev/api/planets/27/])
2022-02-08 19:17:35.357  INFO [,,] 27436 --- [pool-1-thread-1] c.s.s.ScheduledExecutorRepeat            : Running...task1 - count : 3
2022-02-08 19:17:35.357  INFO [,,] 27436 --- [pool-2-thread-1] c.s.s.ScheduledExecutorRepeat            : Running...task1 - count : 4 
2022-02-08 19:17:35.357  INFO [,,] 27436 --- [pool-1-thread-1] c.s.s.ScheduledExecutorRepeat            : Logging at INFO level
2022-02-08 19:17:35.357  WARN [,,] 27436 --- [pool-1-thread-1] c.s.s.ScheduledExecutorRepeat            : Logging at WARN level
2022-02-08 19:17:35.357  INFO [,,] 27436 --- [pool-2-thread-1] c.s.s.ScheduledExecutorRepeat            : Logging at INFO level
2022-02-08 19:17:35.358 ERROR [,,] 27436 --- [pool-1-thread-1] c.s.s.ScheduledExecutorRepeat            : Logging at ERROR level
2022-02-08 19:17:35.358  WARN [,,] 27436 --- [pool-2-thread-1] c.s.s.ScheduledExecutorRepeat            : Logging at WARN level
2022-02-08 19:17:35.358 ERROR [,,] 27436 --- [pool-2-thread-1] c.s.s.ScheduledExecutorRepeat            : Logging at ERROR level
2022-02-08 19:17:36.721  INFO [,77ca1fdb2f096d54,d65b6767af85e8f8] 27436 --- [restartedMain] c.s.s.ScheduledExecutorRepeat            : film --> FilmApiSW(title=The Phantom Menace, director=George Lucas, producer=Rick McCallum, url=https://swapi.dev/api/films/4/, characters=[https://swapi.dev/api/people/2/, https://swapi.dev/api/people/3/, https://swapi.dev/api/people/10/, https://swapi.dev/api/people/11/, https://swapi.dev/api/people/16/, https://swapi.dev/api/people/20/, https://swapi.dev/api/people/21/, https://swapi.dev/api/people/32/, https://swapi.dev/api/people/33/, https://swapi.dev/api/people/34/, https://swapi.dev/api/people/35/, https://swapi.dev/api/people/36/, https://swapi.dev/api/people/37/, https://swapi.dev/api/people/38/, https://swapi.dev/api/people/39/, https://swapi.dev/api/people/40/, https://swapi.dev/api/people/41/, https://swapi.dev/api/people/42/, https://swapi.dev/api/people/43/, https://swapi.dev/api/people/44/, https://swapi.dev/api/people/46/, https://swapi.dev/api/people/47/, https://swapi.dev/api/people/48/, https://swapi.dev/api/people/49/, https://swapi.dev/api/people/50/, https://swapi.dev/api/people/51/, https://swapi.dev/api/people/52/, https://swapi.dev/api/people/53/, https://swapi.dev/api/people/54/, https://swapi.dev/api/people/55/, https://swapi.dev/api/people/56/, https://swapi.dev/api/people/57/, https://swapi.dev/api/people/58/, https://swapi.dev/api/people/59/], planets=[https://swapi.dev/api/planets/1/, https://swapi.dev/api/planets/8/, https://swapi.dev/api/planets/9/])
2022-02-08 19:17:36.775  WARN [,77ca1fdb2f096d54,d65b6767af85e8f8] 27436 --- [restartedMain] JpaBaseConfiguration$JpaWebConfiguration : spring.jpa.open-in-view is enabled by default. Therefore, database queries may be performed during view rendering. Explicitly configure spring.jpa.open-in-view to disable this warning
2022-02-08 19:17:37.363  WARN [,77ca1fdb2f096d54,d65b6767af85e8f8] 27436 --- [restartedMain] o.s.b.d.a.OptionalLiveReloadServer       : Unable to start LiveReload server
2022-02-08 19:17:37.636  WARN [,77ca1fdb2f096d54,d65b6767af85e8f8] 27436 --- [restartedMain] ConfigServletWebServerApplicationContext : Exception encountered during context initialization - cancelling refresh attempt: org.springframework.context.ApplicationContextException: Failed to start bean 'webServerStartStop'; nested exception is org.springframework.boot.web.server.PortInUseException: Port 8080 is already in use
2022-02-08 19:17:37.638  INFO [,77ca1fdb2f096d54,d65b6767af85e8f8] 27436 --- [restartedMain] j.LocalContainerEntityManagerFactoryBean : Closing JPA EntityManagerFactory for persistence unit 'default'
2022-02-08 19:17:37.641  INFO [,77ca1fdb2f096d54,d65b6767af85e8f8] 27436 --- [restartedMain] com.zaxxer.hikari.HikariDataSource       : HikariPool-1 - Shutdown initiated...
2022-02-08 19:17:37.643  INFO [,77ca1fdb2f096d54,d65b6767af85e8f8] 27436 --- [restartedMain] com.zaxxer.hikari.HikariDataSource       : HikariPool-1 - Shutdown completed.
2022-02-08 19:17:37.646  INFO [,77ca1fdb2f096d54,d65b6767af85e8f8] 27436 --- [restartedMain] o.apache.catalina.core.StandardService   : Stopping service [Tomcat]
2022-02-08 19:17:37.660  INFO [,77ca1fdb2f096d54,d65b6767af85e8f8] 27436 --- [restartedMain] ConditionEvaluationReportLoggingListener : 

Error starting ApplicationContext. To display the conditions report re-run your application with 'debug' enabled.
2022-02-08 19:17:37.682 ERROR [,77ca1fdb2f096d54,d65b6767af85e8f8] 27436 --- [restartedMain] o.s.b.d.LoggingFailureAnalysisReporter   : 

***************************
APPLICATION FAILED TO START
***************************

Description:

Web server failed to start. Port 8080 was already in use.

Action:

Identify and stop the process that's listening on port 8080 or configure this application to listen on another port.

2022-02-08 19:17:40.359  INFO [,,] 27436 --- [pool-2-thread-2] c.s.s.ScheduledExecutorRepeat            : Running...task1 - count : 5 
2022-02-08 19:17:40.360  INFO [,,] 27436 --- [pool-2-thread-2] c.s.s.ScheduledExecutorRepeat            : Logging at INFO level
2022-02-08 19:17:40.360  WARN [,,] 27436 --- [pool-2-thread-2] c.s.s.ScheduledExecutorRepeat            : Logging at WARN level
2022-02-08 19:17:40.360 ERROR [,,] 27436 --- [pool-2-thread-2] c.s.s.ScheduledExecutorRepeat            : Logging at ERROR level
2022-02-08 19:18:14.224  INFO [,,] 23720 --- [restartedMain] c.s.scheduler.SchedulerApplication       : Starting SchedulerApplication using Java 17.0.1 on CPX-G3W8KQLIIBQ with PID 23720 (C:\Users\goncalo.meireles\Gonçalo Meireles\CGD\scheduler-test\scheduler\target\classes started by goncalo.meireles in C:\Users\goncalo.meireles\Gonçalo Meireles\CGD\scheduler-test\scheduler)
2022-02-08 19:18:14.225  INFO [,,] 23720 --- [restartedMain] c.s.scheduler.SchedulerApplication       : No active profile set, falling back to default profiles: default
2022-02-08 19:18:14.262  INFO [,,] 23720 --- [restartedMain] .e.DevToolsPropertyDefaultsPostProcessor : Devtools property defaults active! Set 'spring.devtools.add-properties' to 'false' to disable
2022-02-08 19:18:14.262  INFO [,,] 23720 --- [restartedMain] .e.DevToolsPropertyDefaultsPostProcessor : For additional web related logging consider setting the 'logging.level.web' property to 'DEBUG'
2022-02-08 19:18:14.818  INFO [,,] 23720 --- [restartedMain] .s.d.r.c.RepositoryConfigurationDelegate : Bootstrapping Spring Data JPA repositories in DEFAULT mode.
2022-02-08 19:18:14.935  INFO [,,] 23720 --- [restartedMain] .s.d.r.c.RepositoryConfigurationDelegate : Finished Spring Data repository scanning in 111 ms. Found 1 JPA repository interfaces.
2022-02-08 19:18:15.151  INFO [,,] 23720 --- [restartedMain] o.s.cloud.context.scope.GenericScope     : BeanFactory id=191162b8-3cb3-35eb-b472-b847fbdda437
